 
****************************************
Report : area
Design : UART_Tx
Version: K-2015.06
Date   : Fri Aug  2 05:56:37 2024
****************************************

Information: Updating design information... (UID-85)
Library(s) Used:

    scmetro_tsmc_cl013g_rvt_ss_1p08v_125c (File: /home/IC/Assignments/UART_TX/std_lib/scmetro_tsmc_cl013g_rvt_ss_1p08v_125c.db)

Number of ports:                           82
Number of nets:                           183
Number of cells:                          101
Number of combinational cells:             69
Number of sequential cells:                28
Number of macros/black boxes:               0
Number of buf/inv:                          7
Number of references:                       8

Combinational area:                583.643205
Buf/Inv area:                       24.710701
Noncombinational area:             923.709534
Macro/Black Box area:                0.000000
Net Interconnect area:      undefined  (No wire load specified)

Total cell area:                  1507.352739
Total area:                 undefined

Hierarchical area distribution
------------------------------

                                  Global cell area          Local cell area
                                  ------------------  --------------------------- 
Hierarchical cell                 Absolute   Percent  Combi-    Noncombi-  Black-
                                  Total      Total    national  national   boxes   Design
--------------------------------  ---------  -------  --------  ---------  ------  ---------------------
UART_Tx                           1507.3527    100.0   47.0680     0.0000  0.0000  UART_Tx
FSM_control_block                  209.4526     13.9  109.4331   100.0195  0.0000  FSM_controller_test_1
parity_block                       350.6566     23.3   87.0758   263.5808  0.0000  Parity_calc_test_1
ser_block                          900.1755     59.7  232.9866   560.1092  0.0000  serializer_test_1
ser_block/add_31                   107.0797      7.1  107.0797     0.0000  0.0000  serializer_DW01_inc_0
--------------------------------  ---------  -------  --------  ---------  ------  ---------------------
Total                                                 583.6432   923.7095  0.0000

1
