 
****************************************
Report : area
Design : UART_Tx
Version: K-2015.06
Date   : Fri Jul 26 03:36:55 2024
****************************************

Information: Updating design information... (UID-85)
Library(s) Used:

    scmetro_tsmc_cl013g_rvt_tt_1p2v_25c (File: /home/IC/Assignments/UART_TX/std_lib/scmetro_tsmc_cl013g_rvt_tt_1p2v_25c.db)

Number of ports:                           66
Number of nets:                           174
Number of cells:                          107
Number of combinational cells:             75
Number of sequential cells:                28
Number of macros/black boxes:               0
Number of buf/inv:                         15
Number of references:                       8

Combinational area:                661.305405
Buf/Inv area:                       91.782602
Noncombinational area:             703.666588
Macro/Black Box area:                0.000000
Net Interconnect area:           39060.197601

Total cell area:                  1364.971993
Total area:                      40425.169595

Hierarchical area distribution
------------------------------

                                  Global cell area          Local cell area
                                  ------------------  --------------------------- 
Hierarchical cell                 Absolute   Percent  Combi-    Noncombi-  Black-
                                  Total      Total    national  national   boxes   Design
--------------------------------  ---------  -------  --------  ---------  ------  ---------------------
UART_Tx                           1364.9720    100.0   52.9515     0.0000  0.0000  UART_Tx
FSM_control_block                  235.3400     17.2  142.3807    92.9593  0.0000  FSM_controller
parity_block                       256.5206     18.8   87.0758   169.4448  0.0000  Parity_calc
ser_block                          820.1599     60.1  271.8177   441.2625  0.0000  serializer
ser_block/add_31                   107.0797      7.8  107.0797     0.0000  0.0000  serializer_DW01_inc_0
--------------------------------  ---------  -------  --------  ---------  ------  ---------------------
Total                                                 661.3054   703.6666  0.0000

1
